2024-06-07 09:04:24,004 INFO com.example.demo61_account_thymeleaf.Demo61AccountThymeleafApplication [restartedMain] Starting Demo61AccountThymeleafApplication using Java 17.0.10 with PID 15372 (D:\DEV\Demo61_Account_Thymeleaf\target\classes started by 01689 in D:\DEV\Demo61_Account_Thymeleaf)
2024-06-07 09:04:24,011 INFO com.example.demo61_account_thymeleaf.Demo61AccountThymeleafApplication [restartedMain] The following 1 profile is active: "local"
2024-06-07 09:04:24,062 INFO org.springframework.boot.devtools.env.DevToolsPropertyDefaultsPostProcessor [restartedMain] Devtools property defaults active! Set 'spring.devtools.add-properties' to 'false' to disable
2024-06-07 09:04:24,062 INFO org.springframework.boot.devtools.env.DevToolsPropertyDefaultsPostProcessor [restartedMain] For additional web related logging consider setting the 'logging.level.web' property to 'DEBUG'
2024-06-07 09:04:24,813 INFO org.springframework.data.repository.config.RepositoryConfigurationDelegate [restartedMain] Bootstrapping Spring Data JPA repositories in DEFAULT mode.
2024-06-07 09:04:24,878 INFO org.springframework.data.repository.config.RepositoryConfigurationDelegate [restartedMain] Finished Spring Data repository scanning in 56 ms. Found 4 JPA repository interfaces.
2024-06-07 09:04:25,435 INFO org.springframework.boot.web.embedded.tomcat.TomcatWebServer [restartedMain] Tomcat initialized with port(s): 8080 (http)
2024-06-07 09:04:25,444 INFO org.apache.catalina.core.StandardService [restartedMain] Starting service [Tomcat]
2024-06-07 09:04:25,444 INFO org.apache.catalina.core.StandardEngine [restartedMain] Starting Servlet engine: [Apache Tomcat/10.1.20]
2024-06-07 09:04:25,517 INFO org.apache.catalina.core.ContainerBase.[Tomcat].[localhost].[/] [restartedMain] Initializing Spring embedded WebApplicationContext
2024-06-07 09:04:25,518 INFO org.springframework.boot.web.servlet.context.ServletWebServerApplicationContext [restartedMain] Root WebApplicationContext: initialization completed in 1456 ms
2024-06-07 09:04:25,637 INFO org.hibernate.jpa.internal.util.LogHelper [restartedMain] HHH000204: Processing PersistenceUnitInfo [name: default]
2024-06-07 09:04:25,689 INFO org.hibernate.Version [restartedMain] HHH000412: Hibernate ORM core version 6.2.24.Final
2024-06-07 09:04:25,691 INFO org.hibernate.cfg.Environment [restartedMain] HHH000406: Using bytecode reflection optimizer
2024-06-07 09:04:25,928 INFO org.springframework.orm.jpa.persistenceunit.SpringPersistenceUnitInfo [restartedMain] No LoadTimeWeaver setup: ignoring JPA class transformer
2024-06-07 09:04:25,948 INFO com.zaxxer.hikari.HikariDataSource [restartedMain] HikariPool-1 - Starting...
2024-06-07 09:04:26,382 INFO com.zaxxer.hikari.pool.HikariPool [restartedMain] HikariPool-1 - Added connection com.mysql.cj.jdbc.ConnectionImpl@3ade2f1c
2024-06-07 09:04:26,387 INFO com.zaxxer.hikari.HikariDataSource [restartedMain] HikariPool-1 - Start completed.
2024-06-07 09:04:27,362 INFO org.hibernate.engine.transaction.jta.platform.internal.JtaPlatformInitiator [restartedMain] HHH000489: No JTA platform available (set 'hibernate.transaction.jta.platform' to enable JTA platform integration)
2024-06-07 09:04:27,488 INFO org.springframework.orm.jpa.LocalContainerEntityManagerFactoryBean [restartedMain] Initialized JPA EntityManagerFactory for persistence unit 'default'
2024-06-07 09:04:27,953 INFO org.springframework.data.jpa.repository.query.QueryEnhancerFactory [restartedMain] Hibernate is in classpath; If applicable, HQL parser will be used.
2024-06-07 09:04:28,408 WARN org.springframework.boot.autoconfigure.orm.jpa.JpaBaseConfiguration$JpaWebConfiguration [restartedMain] spring.jpa.open-in-view is enabled by default. Therefore, database queries may be performed during view rendering. Explicitly configure spring.jpa.open-in-view to disable this warning
2024-06-07 09:04:28,701 INFO org.springframework.security.web.DefaultSecurityFilterChain [restartedMain] Will secure any request with [org.springframework.security.web.session.DisableEncodeUrlFilter@26964c24, org.springframework.security.web.context.request.async.WebAsyncManagerIntegrationFilter@58535ce4, org.springframework.security.web.context.SecurityContextHolderFilter@785b4848, org.springframework.security.web.header.HeaderWriterFilter@4090f623, org.springframework.security.web.authentication.logout.LogoutFilter@38f972fb, org.springframework.security.web.authentication.UsernamePasswordAuthenticationFilter@2c02d1b7, org.springframework.security.web.authentication.ui.DefaultLoginPageGeneratingFilter@4f963fad, org.springframework.security.web.authentication.ui.DefaultLogoutPageGeneratingFilter@5ec4ab72, org.springframework.security.web.savedrequest.RequestCacheAwareFilter@453de952, org.springframework.security.web.servletapi.SecurityContextHolderAwareRequestFilter@2c8e14fd, org.springframework.security.web.authentication.AnonymousAuthenticationFilter@ac6de32, org.springframework.security.web.access.ExceptionTranslationFilter@6545edeb, org.springframework.security.web.access.intercept.FilterSecurityInterceptor@e381490]
2024-06-07 09:04:28,892 INFO org.springframework.boot.devtools.autoconfigure.OptionalLiveReloadServer [restartedMain] LiveReload server is running on port 35729
2024-06-07 09:04:28,929 INFO org.springframework.boot.web.embedded.tomcat.TomcatWebServer [restartedMain] Tomcat started on port(s): 8080 (http) with context path ''
2024-06-07 09:04:28,937 INFO com.example.demo61_account_thymeleaf.Demo61AccountThymeleafApplication [restartedMain] Started Demo61AccountThymeleafApplication in 5.484 seconds (process running for 6.784)
2024-06-07 09:05:20,283 INFO org.apache.catalina.core.ContainerBase.[Tomcat].[localhost].[/] [http-nio-8080-exec-1] Initializing Spring DispatcherServlet 'dispatcherServlet'
2024-06-07 09:05:20,283 INFO org.springframework.web.servlet.DispatcherServlet [http-nio-8080-exec-1] Initializing Servlet 'dispatcherServlet'
2024-06-07 09:05:20,284 INFO org.springframework.web.servlet.DispatcherServlet [http-nio-8080-exec-1] Completed initialization in 1 ms
2024-06-07 09:05:23,423 WARN org.thymeleaf.standard.processor.AbstractStandardFragmentInsertionTagProcessor [http-nio-8080-exec-4] [THYMELEAF][http-nio-8080-exec-4][client-index] Deprecated unwrapped fragment expression "product-list-client.html::ProductListClient" found in template client-index, line 44, col 14. Please use the complete syntax of fragment expressions instead ("~{product-list-client.html::ProductListClient}"). The old, unwrapped syntax for fragment expressions will be removed in future versions of Thymeleaf.
2024-06-07 09:05:29,094 WARN org.thymeleaf.standard.processor.AbstractStandardFragmentInsertionTagProcessor [http-nio-8080-exec-6] [THYMELEAF][http-nio-8080-exec-6][client-index] Deprecated unwrapped fragment expression "client-contact.html::ClientContact" found in template client-index, line 50, col 14. Please use the complete syntax of fragment expressions instead ("~{client-contact.html::ClientContact}"). The old, unwrapped syntax for fragment expressions will be removed in future versions of Thymeleaf.
2024-06-07 09:05:30,572 WARN org.thymeleaf.standard.processor.AbstractStandardFragmentInsertionTagProcessor [http-nio-8080-exec-10] [THYMELEAF][http-nio-8080-exec-10][client-index] Deprecated unwrapped fragment expression "blog-list-client.html::BlogListClient" found in template client-index, line 47, col 14. Please use the complete syntax of fragment expressions instead ("~{blog-list-client.html::BlogListClient}"). The old, unwrapped syntax for fragment expressions will be removed in future versions of Thymeleaf.
2024-06-07 09:05:34,480 WARN org.thymeleaf.standard.processor.AbstractStandardFragmentInsertionTagProcessor [http-nio-8080-exec-4] [THYMELEAF][http-nio-8080-exec-4][client-index] Deprecated unwrapped fragment expression "product-list-client.html::ProductListClient" found in template client-index, line 44, col 14. Please use the complete syntax of fragment expressions instead ("~{product-list-client.html::ProductListClient}"). The old, unwrapped syntax for fragment expressions will be removed in future versions of Thymeleaf.
2024-06-07 09:22:11,101 INFO org.springframework.boot.devtools.autoconfigure.LocalDevToolsAutoConfiguration$RestartingClassPathChangeChangedEventListener [File Watcher] Restarting due to 6 class path changes (0 additions, 6 deletions, 0 modifications)
2024-06-07 09:22:11,149 INFO org.apache.catalina.core.StandardService [Thread-5] Stopping service [Tomcat]
2024-06-07 09:22:11,189 INFO org.apache.catalina.core.ContainerBase.[Tomcat].[localhost].[/] [Thread-5] Destroying Spring FrameworkServlet 'dispatcherServlet'
2024-06-07 09:22:11,387 INFO org.springframework.orm.jpa.LocalContainerEntityManagerFactoryBean [Thread-5] Closing JPA EntityManagerFactory for persistence unit 'default'
2024-06-07 09:22:11,399 INFO com.zaxxer.hikari.HikariDataSource [Thread-5] HikariPool-1 - Shutdown initiated...
2024-06-07 09:22:11,437 INFO com.zaxxer.hikari.HikariDataSource [Thread-5] HikariPool-1 - Shutdown completed.
2024-06-07 09:22:11,583 INFO com.example.demo61_account_thymeleaf.Demo61AccountThymeleafApplication [restartedMain] Starting Demo61AccountThymeleafApplication using Java 17.0.10 with PID 15372 (D:\DEV\Demo61_Account_Thymeleaf\target\classes started by 01689 in D:\DEV\Demo61_Account_Thymeleaf)
2024-06-07 09:22:11,584 INFO com.example.demo61_account_thymeleaf.Demo61AccountThymeleafApplication [restartedMain] The following 1 profile is active: "local"
2024-06-07 09:22:11,873 INFO org.springframework.data.repository.config.RepositoryConfigurationDelegate [restartedMain] Bootstrapping Spring Data JPA repositories in DEFAULT mode.
2024-06-07 09:22:11,886 INFO org.springframework.data.repository.config.RepositoryConfigurationDelegate [restartedMain] Finished Spring Data repository scanning in 13 ms. Found 3 JPA repository interfaces.
2024-06-07 09:22:12,092 INFO org.springframework.boot.web.embedded.tomcat.TomcatWebServer [restartedMain] Tomcat initialized with port(s): 8080 (http)
2024-06-07 09:22:12,092 INFO org.apache.catalina.core.StandardService [restartedMain] Starting service [Tomcat]
2024-06-07 09:22:12,092 INFO org.apache.catalina.core.StandardEngine [restartedMain] Starting Servlet engine: [Apache Tomcat/10.1.20]
2024-06-07 09:22:12,113 INFO org.apache.catalina.core.ContainerBase.[Tomcat].[localhost].[/] [restartedMain] Initializing Spring embedded WebApplicationContext
2024-06-07 09:22:12,113 INFO org.springframework.boot.web.servlet.context.ServletWebServerApplicationContext [restartedMain] Root WebApplicationContext: initialization completed in 524 ms
2024-06-07 09:22:12,171 INFO org.hibernate.jpa.internal.util.LogHelper [restartedMain] HHH000204: Processing PersistenceUnitInfo [name: default]
2024-06-07 09:22:12,179 INFO org.springframework.orm.jpa.persistenceunit.SpringPersistenceUnitInfo [restartedMain] No LoadTimeWeaver setup: ignoring JPA class transformer
2024-06-07 09:22:12,180 INFO com.zaxxer.hikari.HikariDataSource [restartedMain] HikariPool-2 - Starting...
2024-06-07 09:22:12,198 INFO com.zaxxer.hikari.pool.HikariPool [restartedMain] HikariPool-2 - Added connection com.mysql.cj.jdbc.ConnectionImpl@5eccd9da
2024-06-07 09:22:12,198 INFO com.zaxxer.hikari.HikariDataSource [restartedMain] HikariPool-2 - Start completed.
2024-06-07 09:22:12,256 INFO org.hibernate.engine.transaction.jta.platform.internal.JtaPlatformInitiator [restartedMain] HHH000489: No JTA platform available (set 'hibernate.transaction.jta.platform' to enable JTA platform integration)
2024-06-07 09:22:12,290 INFO org.springframework.orm.jpa.LocalContainerEntityManagerFactoryBean [restartedMain] Initialized JPA EntityManagerFactory for persistence unit 'default'
2024-06-07 09:22:12,349 WARN org.springframework.boot.autoconfigure.orm.jpa.JpaBaseConfiguration$JpaWebConfiguration [restartedMain] spring.jpa.open-in-view is enabled by default. Therefore, database queries may be performed during view rendering. Explicitly configure spring.jpa.open-in-view to disable this warning
2024-06-07 09:22:12,359 WARN org.springframework.boot.autoconfigure.security.servlet.UserDetailsServiceAutoConfiguration [restartedMain] 

Using generated security password: d1b7c6ce-d05c-4328-8878-792670ced670

This generated password is for development use only. Your security configuration must be updated before running your application in production.

2024-06-07 09:22:12,461 INFO org.springframework.security.web.DefaultSecurityFilterChain [restartedMain] Will secure any request with [org.springframework.security.web.session.DisableEncodeUrlFilter@7d87ee26, org.springframework.security.web.context.request.async.WebAsyncManagerIntegrationFilter@192a814f, org.springframework.security.web.context.SecurityContextHolderFilter@1eb47d26, org.springframework.security.web.header.HeaderWriterFilter@7336976f, org.springframework.security.web.authentication.logout.LogoutFilter@5cfa42d5, org.springframework.security.web.authentication.UsernamePasswordAuthenticationFilter@5ad87fd, org.springframework.security.web.authentication.ui.DefaultLoginPageGeneratingFilter@26d670f0, org.springframework.security.web.authentication.ui.DefaultLogoutPageGeneratingFilter@34a2f5e6, org.springframework.security.web.savedrequest.RequestCacheAwareFilter@267c0326, org.springframework.security.web.servletapi.SecurityContextHolderAwareRequestFilter@619c1e43, org.springframework.security.web.authentication.AnonymousAuthenticationFilter@5d590ee0, org.springframework.security.web.access.ExceptionTranslationFilter@5f530e84, org.springframework.security.web.access.intercept.FilterSecurityInterceptor@14b7225e]
2024-06-07 09:22:12,570 INFO org.springframework.boot.devtools.autoconfigure.OptionalLiveReloadServer [restartedMain] LiveReload server is running on port 35729
2024-06-07 09:22:12,585 INFO org.springframework.boot.web.embedded.tomcat.TomcatWebServer [restartedMain] Tomcat started on port(s): 8080 (http) with context path ''
2024-06-07 09:22:12,590 INFO com.example.demo61_account_thymeleaf.Demo61AccountThymeleafApplication [restartedMain] Started Demo61AccountThymeleafApplication in 1.07 seconds (process running for 1070.436)
2024-06-07 09:22:12,593 INFO org.springframework.boot.devtools.autoconfigure.ConditionEvaluationDeltaLoggingListener [restartedMain] Condition evaluation delta:


==========================
CONDITION EVALUATION DELTA
==========================


Positive matches:
-----------------

   UserDetailsServiceAutoConfiguration matched:
      - @ConditionalOnClass found required class 'org.springframework.security.authentication.AuthenticationManager' (OnClassCondition)
      - @ConditionalOnBean (types: org.springframework.security.config.annotation.ObjectPostProcessor; SearchStrategy: all) found bean 'objectPostProcessor'; @ConditionalOnMissingBean (types: org.springframework.security.authentication.AuthenticationManager,org.springframework.security.authentication.AuthenticationProvider,org.springframework.security.core.userdetails.UserDetailsService,org.springframework.security.authentication.AuthenticationManagerResolver,org.springframework.security.oauth2.jwt.JwtDecoder,org.springframework.security.oauth2.server.resource.introspection.OpaqueTokenIntrospector,org.springframework.security.oauth2.client.registration.ClientRegistrationRepository,org.springframework.security.saml2.provider.service.registration.RelyingPartyRegistrationRepository; SearchStrategy: all) did not find any beans (OnBeanCondition)


Negative matches:
-----------------

    None


Exclusions:
-----------

    None


Unconditional classes:
----------------------

    None



2024-06-07 09:22:34,514 INFO org.springframework.boot.devtools.autoconfigure.LocalDevToolsAutoConfiguration$RestartingClassPathChangeChangedEventListener [File Watcher] Restarting due to 2 class path changes (0 additions, 2 deletions, 0 modifications)
2024-06-07 09:22:34,529 INFO org.apache.catalina.core.StandardService [Thread-7] Stopping service [Tomcat]
2024-06-07 09:22:34,539 INFO org.springframework.orm.jpa.LocalContainerEntityManagerFactoryBean [Thread-7] Closing JPA EntityManagerFactory for persistence unit 'default'
2024-06-07 09:22:34,540 INFO com.zaxxer.hikari.HikariDataSource [Thread-7] HikariPool-2 - Shutdown initiated...
2024-06-07 09:22:34,557 INFO com.zaxxer.hikari.HikariDataSource [Thread-7] HikariPool-2 - Shutdown completed.
2024-06-07 09:22:34,660 INFO com.example.demo61_account_thymeleaf.Demo61AccountThymeleafApplication [restartedMain] Starting Demo61AccountThymeleafApplication using Java 17.0.10 with PID 15372 (D:\DEV\Demo61_Account_Thymeleaf\target\classes started by 01689 in D:\DEV\Demo61_Account_Thymeleaf)
2024-06-07 09:22:34,660 INFO com.example.demo61_account_thymeleaf.Demo61AccountThymeleafApplication [restartedMain] The following 1 profile is active: "local"
2024-06-07 09:22:34,929 INFO org.springframework.data.repository.config.RepositoryConfigurationDelegate [restartedMain] Bootstrapping Spring Data JPA repositories in DEFAULT mode.
2024-06-07 09:22:34,941 INFO org.springframework.data.repository.config.RepositoryConfigurationDelegate [restartedMain] Finished Spring Data repository scanning in 11 ms. Found 3 JPA repository interfaces.
2024-06-07 09:22:35,082 INFO org.springframework.boot.web.embedded.tomcat.TomcatWebServer [restartedMain] Tomcat initialized with port(s): 8080 (http)
2024-06-07 09:22:35,083 INFO org.apache.catalina.core.StandardService [restartedMain] Starting service [Tomcat]
2024-06-07 09:22:35,083 INFO org.apache.catalina.core.StandardEngine [restartedMain] Starting Servlet engine: [Apache Tomcat/10.1.20]
2024-06-07 09:22:35,103 INFO org.apache.catalina.core.ContainerBase.[Tomcat].[localhost].[/] [restartedMain] Initializing Spring embedded WebApplicationContext
2024-06-07 09:22:35,103 INFO org.springframework.boot.web.servlet.context.ServletWebServerApplicationContext [restartedMain] Root WebApplicationContext: initialization completed in 442 ms
2024-06-07 09:22:35,148 INFO org.hibernate.jpa.internal.util.LogHelper [restartedMain] HHH000204: Processing PersistenceUnitInfo [name: default]
2024-06-07 09:22:35,154 INFO org.springframework.orm.jpa.persistenceunit.SpringPersistenceUnitInfo [restartedMain] No LoadTimeWeaver setup: ignoring JPA class transformer
2024-06-07 09:22:35,155 INFO com.zaxxer.hikari.HikariDataSource [restartedMain] HikariPool-3 - Starting...
2024-06-07 09:22:35,168 INFO com.zaxxer.hikari.pool.HikariPool [restartedMain] HikariPool-3 - Added connection com.mysql.cj.jdbc.ConnectionImpl@2d7129e8
2024-06-07 09:22:35,168 INFO com.zaxxer.hikari.HikariDataSource [restartedMain] HikariPool-3 - Start completed.
2024-06-07 09:22:35,210 INFO org.hibernate.engine.transaction.jta.platform.internal.JtaPlatformInitiator [restartedMain] HHH000489: No JTA platform available (set 'hibernate.transaction.jta.platform' to enable JTA platform integration)
2024-06-07 09:22:35,234 INFO org.springframework.orm.jpa.LocalContainerEntityManagerFactoryBean [restartedMain] Initialized JPA EntityManagerFactory for persistence unit 'default'
2024-06-07 09:22:35,289 WARN org.springframework.boot.autoconfigure.orm.jpa.JpaBaseConfiguration$JpaWebConfiguration [restartedMain] spring.jpa.open-in-view is enabled by default. Therefore, database queries may be performed during view rendering. Explicitly configure spring.jpa.open-in-view to disable this warning
2024-06-07 09:22:35,406 WARN org.springframework.boot.autoconfigure.security.servlet.UserDetailsServiceAutoConfiguration [restartedMain] 

Using generated security password: fba71c69-2de0-47b7-9b56-a97ba7958d7d

This generated password is for development use only. Your security configuration must be updated before running your application in production.

2024-06-07 09:22:35,436 INFO org.springframework.security.web.DefaultSecurityFilterChain [restartedMain] Will secure any request with [org.springframework.security.web.session.DisableEncodeUrlFilter@1674a741, org.springframework.security.web.context.request.async.WebAsyncManagerIntegrationFilter@29acfbb9, org.springframework.security.web.context.SecurityContextHolderFilter@c32c46f, org.springframework.security.web.header.HeaderWriterFilter@7a075df3, org.springframework.security.web.csrf.CsrfFilter@5b5ef1be, org.springframework.security.web.authentication.logout.LogoutFilter@f8c548f, org.springframework.security.web.authentication.UsernamePasswordAuthenticationFilter@52832975, org.springframework.security.web.authentication.ui.DefaultLoginPageGeneratingFilter@d13619a, org.springframework.security.web.authentication.ui.DefaultLogoutPageGeneratingFilter@eb9a270, org.springframework.security.web.authentication.www.BasicAuthenticationFilter@3037c363, org.springframework.security.web.savedrequest.RequestCacheAwareFilter@20cd1756, org.springframework.security.web.servletapi.SecurityContextHolderAwareRequestFilter@4d3b450b, org.springframework.security.web.authentication.AnonymousAuthenticationFilter@9b541f, org.springframework.security.web.access.ExceptionTranslationFilter@51b78589, org.springframework.security.web.access.intercept.AuthorizationFilter@61c29afc]
2024-06-07 09:22:35,451 INFO org.springframework.boot.devtools.autoconfigure.OptionalLiveReloadServer [restartedMain] LiveReload server is running on port 35729
2024-06-07 09:22:35,470 INFO org.springframework.boot.web.embedded.tomcat.TomcatWebServer [restartedMain] Tomcat started on port(s): 8080 (http) with context path ''
2024-06-07 09:22:35,477 INFO com.example.demo61_account_thymeleaf.Demo61AccountThymeleafApplication [restartedMain] Started Demo61AccountThymeleafApplication in 0.856 seconds (process running for 1093.323)
2024-06-07 09:22:35,479 INFO org.springframework.boot.devtools.autoconfigure.ConditionEvaluationDeltaLoggingListener [restartedMain] Condition evaluation delta:


==========================
CONDITION EVALUATION DELTA
==========================


Positive matches:
-----------------

   SpringBootWebSecurityConfiguration.SecurityFilterChainConfiguration matched:
      - AllNestedConditions 2 matched 0 did not; NestedCondition on DefaultWebSecurityCondition.Beans @ConditionalOnMissingBean (types: org.springframework.security.web.SecurityFilterChain; SearchStrategy: all) did not find any beans; NestedCondition on DefaultWebSecurityCondition.Classes @ConditionalOnClass found required classes 'org.springframework.security.web.SecurityFilterChain', 'org.springframework.security.config.annotation.web.builders.HttpSecurity' (DefaultWebSecurityCondition)


Negative matches:
-----------------

    None


Exclusions:
-----------

    None


Unconditional classes:
----------------------

    None



2024-06-07 09:30:33,984 INFO org.springframework.boot.devtools.autoconfigure.LocalDevToolsAutoConfiguration$RestartingClassPathChangeChangedEventListener [File Watcher] Restarting due to 3 class path changes (0 additions, 3 deletions, 0 modifications)
2024-06-07 09:30:33,992 INFO org.apache.catalina.core.StandardService [Thread-11] Stopping service [Tomcat]
2024-06-07 09:30:33,998 INFO org.springframework.orm.jpa.LocalContainerEntityManagerFactoryBean [Thread-11] Closing JPA EntityManagerFactory for persistence unit 'default'
2024-06-07 09:30:33,999 INFO com.zaxxer.hikari.HikariDataSource [Thread-11] HikariPool-3 - Shutdown initiated...
2024-06-07 09:30:34,004 INFO com.zaxxer.hikari.HikariDataSource [Thread-11] HikariPool-3 - Shutdown completed.
2024-06-07 09:30:34,083 INFO com.example.demo61_account_thymeleaf.Demo61AccountThymeleafApplication [restartedMain] Starting Demo61AccountThymeleafApplication using Java 17.0.10 with PID 15372 (D:\DEV\Demo61_Account_Thymeleaf\target\classes started by 01689 in D:\DEV\Demo61_Account_Thymeleaf)
2024-06-07 09:30:34,083 INFO com.example.demo61_account_thymeleaf.Demo61AccountThymeleafApplication [restartedMain] The following 1 profile is active: "local"
2024-06-07 09:30:34,264 INFO org.springframework.data.repository.config.RepositoryConfigurationDelegate [restartedMain] Bootstrapping Spring Data JPA repositories in DEFAULT mode.
2024-06-07 09:30:34,274 INFO org.springframework.data.repository.config.RepositoryConfigurationDelegate [restartedMain] Finished Spring Data repository scanning in 10 ms. Found 3 JPA repository interfaces.
2024-06-07 09:30:34,380 INFO org.springframework.boot.web.embedded.tomcat.TomcatWebServer [restartedMain] Tomcat initialized with port(s): 8080 (http)
2024-06-07 09:30:34,380 INFO org.apache.catalina.core.StandardService [restartedMain] Starting service [Tomcat]
2024-06-07 09:30:34,380 INFO org.apache.catalina.core.StandardEngine [restartedMain] Starting Servlet engine: [Apache Tomcat/10.1.20]
2024-06-07 09:30:34,401 INFO org.apache.catalina.core.ContainerBase.[Tomcat].[localhost].[/] [restartedMain] Initializing Spring embedded WebApplicationContext
2024-06-07 09:30:34,401 INFO org.springframework.boot.web.servlet.context.ServletWebServerApplicationContext [restartedMain] Root WebApplicationContext: initialization completed in 316 ms
2024-06-07 09:30:34,465 INFO org.hibernate.jpa.internal.util.LogHelper [restartedMain] HHH000204: Processing PersistenceUnitInfo [name: default]
2024-06-07 09:30:34,478 INFO org.springframework.orm.jpa.persistenceunit.SpringPersistenceUnitInfo [restartedMain] No LoadTimeWeaver setup: ignoring JPA class transformer
2024-06-07 09:30:34,481 INFO com.zaxxer.hikari.HikariDataSource [restartedMain] HikariPool-4 - Starting...
2024-06-07 09:30:34,504 INFO com.zaxxer.hikari.pool.HikariPool [restartedMain] HikariPool-4 - Added connection com.mysql.cj.jdbc.ConnectionImpl@2d466c9b
2024-06-07 09:30:34,505 INFO com.zaxxer.hikari.HikariDataSource [restartedMain] HikariPool-4 - Start completed.
2024-06-07 09:30:34,586 INFO org.hibernate.engine.transaction.jta.platform.internal.JtaPlatformInitiator [restartedMain] HHH000489: No JTA platform available (set 'hibernate.transaction.jta.platform' to enable JTA platform integration)
2024-06-07 09:30:34,641 INFO org.springframework.orm.jpa.LocalContainerEntityManagerFactoryBean [restartedMain] Initialized JPA EntityManagerFactory for persistence unit 'default'
2024-06-07 09:30:34,678 WARN org.springframework.boot.autoconfigure.orm.jpa.JpaBaseConfiguration$JpaWebConfiguration [restartedMain] spring.jpa.open-in-view is enabled by default. Therefore, database queries may be performed during view rendering. Explicitly configure spring.jpa.open-in-view to disable this warning
2024-06-07 09:30:35,365 WARN org.springframework.boot.autoconfigure.security.servlet.UserDetailsServiceAutoConfiguration [restartedMain] 

Using generated security password: 4a6c8d1a-1510-4d2d-8712-78b345191f77

This generated password is for development use only. Your security configuration must be updated before running your application in production.

2024-06-07 09:30:35,415 INFO org.springframework.security.web.DefaultSecurityFilterChain [restartedMain] Will secure any request with [org.springframework.security.web.session.DisableEncodeUrlFilter@196fc0f3, org.springframework.security.web.context.request.async.WebAsyncManagerIntegrationFilter@45c3c9b, org.springframework.security.web.context.SecurityContextHolderFilter@60d9c91e, org.springframework.security.web.header.HeaderWriterFilter@41d8198a, org.springframework.security.web.csrf.CsrfFilter@536f2fa1, org.springframework.security.web.authentication.logout.LogoutFilter@83cc0e3, org.springframework.security.web.authentication.UsernamePasswordAuthenticationFilter@1d6bb773, org.springframework.security.web.authentication.ui.DefaultLoginPageGeneratingFilter@41190755, org.springframework.security.web.authentication.ui.DefaultLogoutPageGeneratingFilter@44ccc34c, org.springframework.security.web.authentication.www.BasicAuthenticationFilter@4591e872, org.springframework.security.web.savedrequest.RequestCacheAwareFilter@4a61e083, org.springframework.security.web.servletapi.SecurityContextHolderAwareRequestFilter@400c4297, org.springframework.security.web.authentication.AnonymousAuthenticationFilter@ed461df, org.springframework.security.web.access.ExceptionTranslationFilter@3587ec14, org.springframework.security.web.access.intercept.AuthorizationFilter@2ea66104]
2024-06-07 09:30:35,441 INFO org.springframework.boot.devtools.autoconfigure.OptionalLiveReloadServer [restartedMain] LiveReload server is running on port 35729
2024-06-07 09:30:35,472 INFO org.springframework.boot.web.embedded.tomcat.TomcatWebServer [restartedMain] Tomcat started on port(s): 8080 (http) with context path ''
2024-06-07 09:30:35,480 INFO com.example.demo61_account_thymeleaf.Demo61AccountThymeleafApplication [restartedMain] Started Demo61AccountThymeleafApplication in 1.427 seconds (process running for 1573.327)
2024-06-07 09:30:35,483 INFO org.springframework.boot.devtools.autoconfigure.ConditionEvaluationDeltaLoggingListener [restartedMain] Condition evaluation unchanged
2024-06-07 09:42:05,844 INFO org.springframework.boot.devtools.autoconfigure.LocalDevToolsAutoConfiguration$RestartingClassPathChangeChangedEventListener [File Watcher] Restarting due to 7 class path changes (7 additions, 0 deletions, 0 modifications)
2024-06-07 09:42:05,854 INFO org.apache.catalina.core.StandardService [Thread-15] Stopping service [Tomcat]
2024-06-07 09:42:05,858 INFO org.springframework.orm.jpa.LocalContainerEntityManagerFactoryBean [Thread-15] Closing JPA EntityManagerFactory for persistence unit 'default'
2024-06-07 09:42:05,859 INFO com.zaxxer.hikari.HikariDataSource [Thread-15] HikariPool-4 - Shutdown initiated...
2024-06-07 09:42:05,868 INFO com.zaxxer.hikari.HikariDataSource [Thread-15] HikariPool-4 - Shutdown completed.
2024-06-07 09:42:05,961 INFO com.example.demo61_account_thymeleaf.Demo61AccountThymeleafApplication [restartedMain] Starting Demo61AccountThymeleafApplication using Java 17.0.10 with PID 15372 (D:\DEV\Demo61_Account_Thymeleaf\target\classes started by 01689 in D:\DEV\Demo61_Account_Thymeleaf)
2024-06-07 09:42:05,961 INFO com.example.demo61_account_thymeleaf.Demo61AccountThymeleafApplication [restartedMain] The following 1 profile is active: "local"
2024-06-07 09:42:06,239 INFO org.springframework.data.repository.config.RepositoryConfigurationDelegate [restartedMain] Bootstrapping Spring Data JPA repositories in DEFAULT mode.
2024-06-07 09:42:06,251 INFO org.springframework.data.repository.config.RepositoryConfigurationDelegate [restartedMain] Finished Spring Data repository scanning in 12 ms. Found 5 JPA repository interfaces.
2024-06-07 09:42:06,348 INFO org.springframework.boot.web.embedded.tomcat.TomcatWebServer [restartedMain] Tomcat initialized with port(s): 8080 (http)
2024-06-07 09:42:06,348 INFO org.apache.catalina.core.StandardService [restartedMain] Starting service [Tomcat]
2024-06-07 09:42:06,349 INFO org.apache.catalina.core.StandardEngine [restartedMain] Starting Servlet engine: [Apache Tomcat/10.1.20]
2024-06-07 09:42:06,381 INFO org.apache.catalina.core.ContainerBase.[Tomcat].[localhost].[/] [restartedMain] Initializing Spring embedded WebApplicationContext
2024-06-07 09:42:06,381 INFO org.springframework.boot.web.servlet.context.ServletWebServerApplicationContext [restartedMain] Root WebApplicationContext: initialization completed in 416 ms
2024-06-07 09:42:06,431 INFO org.hibernate.jpa.internal.util.LogHelper [restartedMain] HHH000204: Processing PersistenceUnitInfo [name: default]
2024-06-07 09:42:06,442 INFO org.springframework.orm.jpa.persistenceunit.SpringPersistenceUnitInfo [restartedMain] No LoadTimeWeaver setup: ignoring JPA class transformer
2024-06-07 09:42:06,443 INFO com.zaxxer.hikari.HikariDataSource [restartedMain] HikariPool-5 - Starting...
2024-06-07 09:42:06,465 INFO com.zaxxer.hikari.pool.HikariPool [restartedMain] HikariPool-5 - Added connection com.mysql.cj.jdbc.ConnectionImpl@1da4774
2024-06-07 09:42:06,465 INFO com.zaxxer.hikari.HikariDataSource [restartedMain] HikariPool-5 - Start completed.
2024-06-07 09:42:06,543 INFO org.hibernate.engine.transaction.jta.platform.internal.JtaPlatformInitiator [restartedMain] HHH000489: No JTA platform available (set 'hibernate.transaction.jta.platform' to enable JTA platform integration)
2024-06-07 09:42:07,053 INFO org.springframework.orm.jpa.LocalContainerEntityManagerFactoryBean [restartedMain] Initialized JPA EntityManagerFactory for persistence unit 'default'
2024-06-07 09:42:07,133 WARN org.springframework.boot.autoconfigure.orm.jpa.JpaBaseConfiguration$JpaWebConfiguration [restartedMain] spring.jpa.open-in-view is enabled by default. Therefore, database queries may be performed during view rendering. Explicitly configure spring.jpa.open-in-view to disable this warning
2024-06-07 09:42:07,257 WARN org.springframework.boot.autoconfigure.security.servlet.UserDetailsServiceAutoConfiguration [restartedMain] 

Using generated security password: 75f327b2-70f6-478d-92f1-d34723ce79fc

This generated password is for development use only. Your security configuration must be updated before running your application in production.

2024-06-07 09:42:07,274 INFO org.springframework.security.web.DefaultSecurityFilterChain [restartedMain] Will secure any request with [org.springframework.security.web.session.DisableEncodeUrlFilter@44aaef53, org.springframework.security.web.context.request.async.WebAsyncManagerIntegrationFilter@24df80c, org.springframework.security.web.context.SecurityContextHolderFilter@3aa693b9, org.springframework.security.web.header.HeaderWriterFilter@70d7434f, org.springframework.security.web.csrf.CsrfFilter@5db96566, org.springframework.security.web.authentication.logout.LogoutFilter@7906f392, org.springframework.security.web.authentication.UsernamePasswordAuthenticationFilter@22a35840, org.springframework.security.web.authentication.ui.DefaultLoginPageGeneratingFilter@73e790d9, org.springframework.security.web.authentication.ui.DefaultLogoutPageGeneratingFilter@3a14d15d, org.springframework.security.web.authentication.www.BasicAuthenticationFilter@6ba3887e, org.springframework.security.web.savedrequest.RequestCacheAwareFilter@2c2243de, org.springframework.security.web.servletapi.SecurityContextHolderAwareRequestFilter@39e07191, org.springframework.security.web.authentication.AnonymousAuthenticationFilter@4d035e19, org.springframework.security.web.access.ExceptionTranslationFilter@2496283b, org.springframework.security.web.access.intercept.AuthorizationFilter@52d28e64]
2024-06-07 09:42:07,287 INFO org.springframework.boot.devtools.autoconfigure.OptionalLiveReloadServer [restartedMain] LiveReload server is running on port 35729
2024-06-07 09:42:07,299 INFO org.springframework.boot.web.embedded.tomcat.TomcatWebServer [restartedMain] Tomcat started on port(s): 8080 (http) with context path ''
2024-06-07 09:42:07,303 INFO com.example.demo61_account_thymeleaf.Demo61AccountThymeleafApplication [restartedMain] Started Demo61AccountThymeleafApplication in 1.379 seconds (process running for 2265.149)
2024-06-07 09:42:07,304 INFO org.springframework.boot.devtools.autoconfigure.ConditionEvaluationDeltaLoggingListener [restartedMain] Condition evaluation unchanged
2024-06-07 09:43:10,530 INFO org.springframework.boot.devtools.autoconfigure.LocalDevToolsAutoConfiguration$RestartingClassPathChangeChangedEventListener [File Watcher] Restarting due to 7 class path changes (0 additions, 7 deletions, 0 modifications)
2024-06-07 09:43:10,544 INFO org.apache.catalina.core.StandardService [Thread-19] Stopping service [Tomcat]
2024-06-07 09:43:10,547 INFO org.springframework.orm.jpa.LocalContainerEntityManagerFactoryBean [Thread-19] Closing JPA EntityManagerFactory for persistence unit 'default'
2024-06-07 09:43:10,548 INFO com.zaxxer.hikari.HikariDataSource [Thread-19] HikariPool-5 - Shutdown initiated...
2024-06-07 09:43:10,557 INFO com.zaxxer.hikari.HikariDataSource [Thread-19] HikariPool-5 - Shutdown completed.
2024-06-07 09:43:10,645 INFO com.example.demo61_account_thymeleaf.Demo61AccountThymeleafApplication [restartedMain] Starting Demo61AccountThymeleafApplication using Java 17.0.10 with PID 15372 (D:\DEV\Demo61_Account_Thymeleaf\target\classes started by 01689 in D:\DEV\Demo61_Account_Thymeleaf)
2024-06-07 09:43:10,645 INFO com.example.demo61_account_thymeleaf.Demo61AccountThymeleafApplication [restartedMain] The following 1 profile is active: "local"
2024-06-07 09:43:10,819 INFO org.springframework.data.repository.config.RepositoryConfigurationDelegate [restartedMain] Bootstrapping Spring Data JPA repositories in DEFAULT mode.
2024-06-07 09:43:10,825 INFO org.springframework.data.repository.config.RepositoryConfigurationDelegate [restartedMain] Finished Spring Data repository scanning in 5 ms. Found 2 JPA repository interfaces.
2024-06-07 09:43:10,901 INFO org.springframework.boot.web.embedded.tomcat.TomcatWebServer [restartedMain] Tomcat initialized with port(s): 8080 (http)
2024-06-07 09:43:10,902 INFO org.apache.catalina.core.StandardService [restartedMain] Starting service [Tomcat]
2024-06-07 09:43:10,902 INFO org.apache.catalina.core.StandardEngine [restartedMain] Starting Servlet engine: [Apache Tomcat/10.1.20]
2024-06-07 09:43:10,930 INFO org.apache.catalina.core.ContainerBase.[Tomcat].[localhost].[/] [restartedMain] Initializing Spring embedded WebApplicationContext
2024-06-07 09:43:10,930 INFO org.springframework.boot.web.servlet.context.ServletWebServerApplicationContext [restartedMain] Root WebApplicationContext: initialization completed in 284 ms
2024-06-07 09:43:10,985 INFO org.hibernate.jpa.internal.util.LogHelper [restartedMain] HHH000204: Processing PersistenceUnitInfo [name: default]
2024-06-07 09:43:11,018 INFO org.springframework.orm.jpa.persistenceunit.SpringPersistenceUnitInfo [restartedMain] No LoadTimeWeaver setup: ignoring JPA class transformer
2024-06-07 09:43:11,019 INFO com.zaxxer.hikari.HikariDataSource [restartedMain] HikariPool-6 - Starting...
2024-06-07 09:43:11,037 INFO com.zaxxer.hikari.pool.HikariPool [restartedMain] HikariPool-6 - Added connection com.mysql.cj.jdbc.ConnectionImpl@467bf4ed
2024-06-07 09:43:11,038 INFO com.zaxxer.hikari.HikariDataSource [restartedMain] HikariPool-6 - Start completed.
2024-06-07 09:43:11,085 INFO org.hibernate.engine.transaction.jta.platform.internal.JtaPlatformInitiator [restartedMain] HHH000489: No JTA platform available (set 'hibernate.transaction.jta.platform' to enable JTA platform integration)
2024-06-07 09:43:11,118 INFO org.springframework.orm.jpa.LocalContainerEntityManagerFactoryBean [restartedMain] Initialized JPA EntityManagerFactory for persistence unit 'default'
2024-06-07 09:43:11,169 WARN org.springframework.boot.autoconfigure.orm.jpa.JpaBaseConfiguration$JpaWebConfiguration [restartedMain] spring.jpa.open-in-view is enabled by default. Therefore, database queries may be performed during view rendering. Explicitly configure spring.jpa.open-in-view to disable this warning
2024-06-07 09:43:11,294 WARN org.springframework.boot.autoconfigure.security.servlet.UserDetailsServiceAutoConfiguration [restartedMain] 

Using generated security password: 78f02e4c-0dc6-47af-a6fe-caa68ef39897

This generated password is for development use only. Your security configuration must be updated before running your application in production.

2024-06-07 09:43:11,319 INFO org.springframework.security.web.DefaultSecurityFilterChain [restartedMain] Will secure any request with [org.springframework.security.web.session.DisableEncodeUrlFilter@67772a1c, org.springframework.security.web.context.request.async.WebAsyncManagerIntegrationFilter@7de1c053, org.springframework.security.web.context.SecurityContextHolderFilter@70a6e098, org.springframework.security.web.header.HeaderWriterFilter@601335cb, org.springframework.security.web.csrf.CsrfFilter@215a462f, org.springframework.security.web.authentication.logout.LogoutFilter@4777d7fe, org.springframework.security.web.authentication.UsernamePasswordAuthenticationFilter@267b025e, org.springframework.security.web.authentication.ui.DefaultLoginPageGeneratingFilter@76866c74, org.springframework.security.web.authentication.ui.DefaultLogoutPageGeneratingFilter@3764443, org.springframework.security.web.authentication.www.BasicAuthenticationFilter@bee3d45, org.springframework.security.web.savedrequest.RequestCacheAwareFilter@33eab9d, org.springframework.security.web.servletapi.SecurityContextHolderAwareRequestFilter@fc2ad2a, org.springframework.security.web.authentication.AnonymousAuthenticationFilter@7988557d, org.springframework.security.web.access.ExceptionTranslationFilter@264546a6, org.springframework.security.web.access.intercept.AuthorizationFilter@4f9aa2db]
2024-06-07 09:43:11,335 INFO org.springframework.boot.devtools.autoconfigure.OptionalLiveReloadServer [restartedMain] LiveReload server is running on port 35729
2024-06-07 09:43:11,351 INFO org.springframework.boot.web.embedded.tomcat.TomcatWebServer [restartedMain] Tomcat started on port(s): 8080 (http) with context path ''
2024-06-07 09:43:11,355 INFO com.example.demo61_account_thymeleaf.Demo61AccountThymeleafApplication [restartedMain] Started Demo61AccountThymeleafApplication in 0.737 seconds (process running for 2329.202)
2024-06-07 09:43:11,357 INFO org.springframework.boot.devtools.autoconfigure.ConditionEvaluationDeltaLoggingListener [restartedMain] Condition evaluation unchanged
2024-06-07 09:43:12,765 INFO org.springframework.boot.devtools.autoconfigure.LocalDevToolsAutoConfiguration$RestartingClassPathChangeChangedEventListener [File Watcher] Restarting due to 1 class path change (1 addition, 0 deletions, 0 modifications)
2024-06-07 09:43:12,772 INFO org.apache.catalina.core.StandardService [Thread-23] Stopping service [Tomcat]
2024-06-07 09:43:12,775 INFO org.springframework.orm.jpa.LocalContainerEntityManagerFactoryBean [Thread-23] Closing JPA EntityManagerFactory for persistence unit 'default'
2024-06-07 09:43:12,776 INFO com.zaxxer.hikari.HikariDataSource [Thread-23] HikariPool-6 - Shutdown initiated...
2024-06-07 09:43:12,779 INFO com.zaxxer.hikari.HikariDataSource [Thread-23] HikariPool-6 - Shutdown completed.
2024-06-07 09:43:12,841 INFO com.example.demo61_account_thymeleaf.Demo61AccountThymeleafApplication [restartedMain] Starting Demo61AccountThymeleafApplication using Java 17.0.10 with PID 15372 (D:\DEV\Demo61_Account_Thymeleaf\target\classes started by 01689 in D:\DEV\Demo61_Account_Thymeleaf)
2024-06-07 09:43:12,841 INFO com.example.demo61_account_thymeleaf.Demo61AccountThymeleafApplication [restartedMain] The following 1 profile is active: "local"
2024-06-07 09:43:12,973 INFO org.springframework.data.repository.config.RepositoryConfigurationDelegate [restartedMain] Bootstrapping Spring Data JPA repositories in DEFAULT mode.
2024-06-07 09:43:12,980 INFO org.springframework.data.repository.config.RepositoryConfigurationDelegate [restartedMain] Finished Spring Data repository scanning in 6 ms. Found 2 JPA repository interfaces.
2024-06-07 09:43:13,057 INFO org.springframework.boot.web.embedded.tomcat.TomcatWebServer [restartedMain] Tomcat initialized with port(s): 8080 (http)
2024-06-07 09:43:13,057 INFO org.apache.catalina.core.StandardService [restartedMain] Starting service [Tomcat]
2024-06-07 09:43:13,058 INFO org.apache.catalina.core.StandardEngine [restartedMain] Starting Servlet engine: [Apache Tomcat/10.1.20]
2024-06-07 09:43:13,076 INFO org.apache.catalina.core.ContainerBase.[Tomcat].[localhost].[/] [restartedMain] Initializing Spring embedded WebApplicationContext
2024-06-07 09:43:13,077 INFO org.springframework.boot.web.servlet.context.ServletWebServerApplicationContext [restartedMain] Root WebApplicationContext: initialization completed in 234 ms
2024-06-07 09:43:13,111 INFO org.hibernate.jpa.internal.util.LogHelper [restartedMain] HHH000204: Processing PersistenceUnitInfo [name: default]
2024-06-07 09:43:13,122 INFO org.springframework.orm.jpa.persistenceunit.SpringPersistenceUnitInfo [restartedMain] No LoadTimeWeaver setup: ignoring JPA class transformer
2024-06-07 09:43:13,123 INFO com.zaxxer.hikari.HikariDataSource [restartedMain] HikariPool-7 - Starting...
2024-06-07 09:43:13,134 INFO com.zaxxer.hikari.pool.HikariPool [restartedMain] HikariPool-7 - Added connection com.mysql.cj.jdbc.ConnectionImpl@1db9c836
2024-06-07 09:43:13,134 INFO com.zaxxer.hikari.HikariDataSource [restartedMain] HikariPool-7 - Start completed.
2024-06-07 09:43:13,163 INFO org.hibernate.engine.transaction.jta.platform.internal.JtaPlatformInitiator [restartedMain] HHH000489: No JTA platform available (set 'hibernate.transaction.jta.platform' to enable JTA platform integration)
2024-06-07 09:43:13,191 INFO org.springframework.orm.jpa.LocalContainerEntityManagerFactoryBean [restartedMain] Initialized JPA EntityManagerFactory for persistence unit 'default'
2024-06-07 09:43:13,231 WARN org.springframework.boot.autoconfigure.orm.jpa.JpaBaseConfiguration$JpaWebConfiguration [restartedMain] spring.jpa.open-in-view is enabled by default. Therefore, database queries may be performed during view rendering. Explicitly configure spring.jpa.open-in-view to disable this warning
2024-06-07 09:43:13,303 WARN org.springframework.boot.autoconfigure.security.servlet.UserDetailsServiceAutoConfiguration [restartedMain] 

Using generated security password: 4124dacd-e1f2-4165-b6e5-ad929ab31eb1

This generated password is for development use only. Your security configuration must be updated before running your application in production.

2024-06-07 09:43:13,317 INFO org.springframework.security.web.DefaultSecurityFilterChain [restartedMain] Will secure any request with [org.springframework.security.web.session.DisableEncodeUrlFilter@4397b8cb, org.springframework.security.web.context.request.async.WebAsyncManagerIntegrationFilter@c64f69f, org.springframework.security.web.context.SecurityContextHolderFilter@59917070, org.springframework.security.web.header.HeaderWriterFilter@7980f0dc, org.springframework.security.web.csrf.CsrfFilter@2495d478, org.springframework.security.web.authentication.logout.LogoutFilter@252ac541, org.springframework.security.web.authentication.UsernamePasswordAuthenticationFilter@3be3eb22, org.springframework.security.web.authentication.ui.DefaultLoginPageGeneratingFilter@4e37709e, org.springframework.security.web.authentication.ui.DefaultLogoutPageGeneratingFilter@28faa6ca, org.springframework.security.web.authentication.www.BasicAuthenticationFilter@481021d2, org.springframework.security.web.savedrequest.RequestCacheAwareFilter@532d492e, org.springframework.security.web.servletapi.SecurityContextHolderAwareRequestFilter@304f705b, org.springframework.security.web.authentication.AnonymousAuthenticationFilter@61ad1cb6, org.springframework.security.web.access.ExceptionTranslationFilter@4694a2a2, org.springframework.security.web.access.intercept.AuthorizationFilter@1bea8acc]
2024-06-07 09:43:13,325 INFO org.springframework.boot.devtools.autoconfigure.OptionalLiveReloadServer [restartedMain] LiveReload server is running on port 35729
2024-06-07 09:43:13,334 INFO org.springframework.boot.web.embedded.tomcat.TomcatWebServer [restartedMain] Tomcat started on port(s): 8080 (http) with context path ''
2024-06-07 09:43:13,337 INFO com.example.demo61_account_thymeleaf.Demo61AccountThymeleafApplication [restartedMain] Started Demo61AccountThymeleafApplication in 0.516 seconds (process running for 2331.185)
2024-06-07 09:43:13,339 INFO org.springframework.boot.devtools.autoconfigure.ConditionEvaluationDeltaLoggingListener [restartedMain] Condition evaluation unchanged
2024-06-07 09:44:21,006 INFO org.springframework.orm.jpa.LocalContainerEntityManagerFactoryBean [SpringApplicationShutdownHook] Closing JPA EntityManagerFactory for persistence unit 'default'
2024-06-07 09:44:21,006 INFO com.zaxxer.hikari.HikariDataSource [SpringApplicationShutdownHook] HikariPool-7 - Shutdown initiated...
2024-06-07 09:44:21,009 INFO com.zaxxer.hikari.HikariDataSource [SpringApplicationShutdownHook] HikariPool-7 - Shutdown completed.
2024-06-07 09:44:25,844 INFO com.example.demo61_account_thymeleaf.Demo61AccountThymeleafApplication [restartedMain] Starting Demo61AccountThymeleafApplication using Java 17.0.10 with PID 6952 (D:\DEV\Demo61_Account_Thymeleaf\target\classes started by 01689 in D:\DEV\Demo61_Account_Thymeleaf)
2024-06-07 09:44:25,848 INFO com.example.demo61_account_thymeleaf.Demo61AccountThymeleafApplication [restartedMain] The following 1 profile is active: "local"
2024-06-07 09:44:25,899 INFO org.springframework.boot.devtools.env.DevToolsPropertyDefaultsPostProcessor [restartedMain] Devtools property defaults active! Set 'spring.devtools.add-properties' to 'false' to disable
2024-06-07 09:44:25,900 INFO org.springframework.boot.devtools.env.DevToolsPropertyDefaultsPostProcessor [restartedMain] For additional web related logging consider setting the 'logging.level.web' property to 'DEBUG'
2024-06-07 09:44:26,588 INFO org.springframework.data.repository.config.RepositoryConfigurationDelegate [restartedMain] Bootstrapping Spring Data JPA repositories in DEFAULT mode.
2024-06-07 09:44:26,679 INFO org.springframework.data.repository.config.RepositoryConfigurationDelegate [restartedMain] Finished Spring Data repository scanning in 79 ms. Found 2 JPA repository interfaces.
2024-06-07 09:44:27,412 INFO org.springframework.boot.web.embedded.tomcat.TomcatWebServer [restartedMain] Tomcat initialized with port(s): 8080 (http)
2024-06-07 09:44:27,423 INFO org.apache.catalina.core.StandardService [restartedMain] Starting service [Tomcat]
2024-06-07 09:44:27,424 INFO org.apache.catalina.core.StandardEngine [restartedMain] Starting Servlet engine: [Apache Tomcat/10.1.20]
2024-06-07 09:44:27,502 INFO org.apache.catalina.core.ContainerBase.[Tomcat].[localhost].[/] [restartedMain] Initializing Spring embedded WebApplicationContext
2024-06-07 09:44:27,502 INFO org.springframework.boot.web.servlet.context.ServletWebServerApplicationContext [restartedMain] Root WebApplicationContext: initialization completed in 1602 ms
2024-06-07 09:44:27,644 INFO org.hibernate.jpa.internal.util.LogHelper [restartedMain] HHH000204: Processing PersistenceUnitInfo [name: default]
2024-06-07 09:44:27,724 INFO org.hibernate.Version [restartedMain] HHH000412: Hibernate ORM core version 6.2.24.Final
2024-06-07 09:44:27,726 INFO org.hibernate.cfg.Environment [restartedMain] HHH000406: Using bytecode reflection optimizer
2024-06-07 09:44:28,024 INFO org.springframework.orm.jpa.persistenceunit.SpringPersistenceUnitInfo [restartedMain] No LoadTimeWeaver setup: ignoring JPA class transformer
2024-06-07 09:44:28,046 INFO com.zaxxer.hikari.HikariDataSource [restartedMain] HikariPool-1 - Starting...
2024-06-07 09:44:28,367 INFO com.zaxxer.hikari.pool.HikariPool [restartedMain] HikariPool-1 - Added connection com.mysql.cj.jdbc.ConnectionImpl@2b2f0ad4
2024-06-07 09:44:28,369 INFO com.zaxxer.hikari.HikariDataSource [restartedMain] HikariPool-1 - Start completed.
2024-06-07 09:44:29,222 INFO org.hibernate.engine.transaction.jta.platform.internal.JtaPlatformInitiator [restartedMain] HHH000489: No JTA platform available (set 'hibernate.transaction.jta.platform' to enable JTA platform integration)
2024-06-07 09:44:29,375 INFO org.springframework.orm.jpa.LocalContainerEntityManagerFactoryBean [restartedMain] Initialized JPA EntityManagerFactory for persistence unit 'default'
2024-06-07 09:44:29,764 WARN org.springframework.boot.autoconfigure.orm.jpa.JpaBaseConfiguration$JpaWebConfiguration [restartedMain] spring.jpa.open-in-view is enabled by default. Therefore, database queries may be performed during view rendering. Explicitly configure spring.jpa.open-in-view to disable this warning
2024-06-07 09:44:30,090 WARN org.springframework.boot.autoconfigure.security.servlet.UserDetailsServiceAutoConfiguration [restartedMain] 

Using generated security password: 1e853f85-701f-4c25-b261-c2a8054b9765

This generated password is for development use only. Your security configuration must be updated before running your application in production.

2024-06-07 09:44:30,176 INFO org.springframework.security.web.DefaultSecurityFilterChain [restartedMain] Will secure any request with [org.springframework.security.web.session.DisableEncodeUrlFilter@35192759, org.springframework.security.web.context.request.async.WebAsyncManagerIntegrationFilter@7e710410, org.springframework.security.web.context.SecurityContextHolderFilter@37f02298, org.springframework.security.web.header.HeaderWriterFilter@4a7b0e17, org.springframework.security.web.csrf.CsrfFilter@20383f43, org.springframework.security.web.authentication.logout.LogoutFilter@193ab1b3, org.springframework.security.web.authentication.UsernamePasswordAuthenticationFilter@2bd87bb9, org.springframework.security.web.authentication.ui.DefaultLoginPageGeneratingFilter@27a8dba1, org.springframework.security.web.authentication.ui.DefaultLogoutPageGeneratingFilter@163f4dfb, org.springframework.security.web.authentication.www.BasicAuthenticationFilter@693137ed, org.springframework.security.web.savedrequest.RequestCacheAwareFilter@26429881, org.springframework.security.web.servletapi.SecurityContextHolderAwareRequestFilter@2d900915, org.springframework.security.web.authentication.AnonymousAuthenticationFilter@1959e64b, org.springframework.security.web.access.ExceptionTranslationFilter@6b74260f, org.springframework.security.web.access.intercept.AuthorizationFilter@3e1d2979]
2024-06-07 09:44:30,214 INFO org.springframework.boot.devtools.autoconfigure.OptionalLiveReloadServer [restartedMain] LiveReload server is running on port 35729
2024-06-07 09:44:30,252 INFO org.springframework.boot.web.embedded.tomcat.TomcatWebServer [restartedMain] Tomcat started on port(s): 8080 (http) with context path ''
2024-06-07 09:44:30,263 INFO com.example.demo61_account_thymeleaf.Demo61AccountThymeleafApplication [restartedMain] Started Demo61AccountThymeleafApplication in 4.85 seconds (process running for 5.596)
2024-06-07 09:46:40,974 INFO org.apache.catalina.core.ContainerBase.[Tomcat].[localhost].[/] [http-nio-8080-exec-1] Initializing Spring DispatcherServlet 'dispatcherServlet'
2024-06-07 09:46:40,975 INFO org.springframework.web.servlet.DispatcherServlet [http-nio-8080-exec-1] Initializing Servlet 'dispatcherServlet'
2024-06-07 09:46:40,976 INFO org.springframework.web.servlet.DispatcherServlet [http-nio-8080-exec-1] Completed initialization in 1 ms
2024-06-07 09:47:42,753 INFO org.springframework.boot.devtools.autoconfigure.LocalDevToolsAutoConfiguration$RestartingClassPathChangeChangedEventListener [File Watcher] Restarting due to 1 class path change (1 addition, 0 deletions, 0 modifications)
2024-06-07 09:47:42,763 INFO org.apache.catalina.core.StandardService [Thread-5] Stopping service [Tomcat]
2024-06-07 09:47:42,765 INFO org.apache.catalina.core.ContainerBase.[Tomcat].[localhost].[/] [Thread-5] Destroying Spring FrameworkServlet 'dispatcherServlet'
2024-06-07 09:47:42,797 INFO org.springframework.orm.jpa.LocalContainerEntityManagerFactoryBean [Thread-5] Closing JPA EntityManagerFactory for persistence unit 'default'
2024-06-07 09:47:42,801 INFO com.zaxxer.hikari.HikariDataSource [Thread-5] HikariPool-1 - Shutdown initiated...
2024-06-07 09:47:42,831 INFO com.zaxxer.hikari.HikariDataSource [Thread-5] HikariPool-1 - Shutdown completed.
2024-06-07 09:47:42,912 INFO com.example.demo61_account_thymeleaf.Demo61AccountThymeleafApplication [restartedMain] Starting Demo61AccountThymeleafApplication using Java 17.0.10 with PID 6952 (D:\DEV\Demo61_Account_Thymeleaf\target\classes started by 01689 in D:\DEV\Demo61_Account_Thymeleaf)
2024-06-07 09:47:42,912 INFO com.example.demo61_account_thymeleaf.Demo61AccountThymeleafApplication [restartedMain] The following 1 profile is active: "local"
2024-06-07 09:47:43,303 INFO org.springframework.data.repository.config.RepositoryConfigurationDelegate [restartedMain] Bootstrapping Spring Data JPA repositories in DEFAULT mode.
2024-06-07 09:47:43,315 INFO org.springframework.data.repository.config.RepositoryConfigurationDelegate [restartedMain] Finished Spring Data repository scanning in 11 ms. Found 2 JPA repository interfaces.
2024-06-07 09:47:43,424 INFO org.springframework.boot.web.embedded.tomcat.TomcatWebServer [restartedMain] Tomcat initialized with port(s): 8080 (http)
2024-06-07 09:47:43,424 INFO org.apache.catalina.core.StandardService [restartedMain] Starting service [Tomcat]
2024-06-07 09:47:43,424 INFO org.apache.catalina.core.StandardEngine [restartedMain] Starting Servlet engine: [Apache Tomcat/10.1.20]
2024-06-07 09:47:43,444 INFO org.apache.catalina.core.ContainerBase.[Tomcat].[localhost].[/] [restartedMain] Initializing Spring embedded WebApplicationContext
2024-06-07 09:47:43,444 INFO org.springframework.boot.web.servlet.context.ServletWebServerApplicationContext [restartedMain] Root WebApplicationContext: initialization completed in 530 ms
2024-06-07 09:47:43,505 INFO org.hibernate.jpa.internal.util.LogHelper [restartedMain] HHH000204: Processing PersistenceUnitInfo [name: default]
2024-06-07 09:47:43,512 INFO org.springframework.orm.jpa.persistenceunit.SpringPersistenceUnitInfo [restartedMain] No LoadTimeWeaver setup: ignoring JPA class transformer
2024-06-07 09:47:43,514 INFO com.zaxxer.hikari.HikariDataSource [restartedMain] HikariPool-2 - Starting...
2024-06-07 09:47:43,539 INFO com.zaxxer.hikari.pool.HikariPool [restartedMain] HikariPool-2 - Added connection com.mysql.cj.jdbc.ConnectionImpl@655a1480
2024-06-07 09:47:43,540 INFO com.zaxxer.hikari.HikariDataSource [restartedMain] HikariPool-2 - Start completed.
2024-06-07 09:47:43,599 INFO org.hibernate.engine.transaction.jta.platform.internal.JtaPlatformInitiator [restartedMain] HHH000489: No JTA platform available (set 'hibernate.transaction.jta.platform' to enable JTA platform integration)
2024-06-07 09:47:43,626 INFO org.springframework.orm.jpa.LocalContainerEntityManagerFactoryBean [restartedMain] Initialized JPA EntityManagerFactory for persistence unit 'default'
2024-06-07 09:47:43,703 WARN org.springframework.boot.autoconfigure.orm.jpa.JpaBaseConfiguration$JpaWebConfiguration [restartedMain] spring.jpa.open-in-view is enabled by default. Therefore, database queries may be performed during view rendering. Explicitly configure spring.jpa.open-in-view to disable this warning
2024-06-07 09:47:43,833 WARN org.springframework.boot.autoconfigure.security.servlet.UserDetailsServiceAutoConfiguration [restartedMain] 

Using generated security password: bde8f1cb-0c49-441d-8e12-dd046998a1f1

This generated password is for development use only. Your security configuration must be updated before running your application in production.

2024-06-07 09:47:43,848 INFO org.springframework.security.web.DefaultSecurityFilterChain [restartedMain] Will secure any request with [org.springframework.security.web.session.DisableEncodeUrlFilter@2fbe14e3, org.springframework.security.web.context.request.async.WebAsyncManagerIntegrationFilter@11bb9b5c, org.springframework.security.web.context.SecurityContextHolderFilter@4dfb7460, org.springframework.security.web.header.HeaderWriterFilter@7aaf6562, org.springframework.security.web.csrf.CsrfFilter@5561d748, org.springframework.security.web.authentication.logout.LogoutFilter@39832183, org.springframework.security.web.authentication.UsernamePasswordAuthenticationFilter@7973bc51, org.springframework.security.web.authentication.ui.DefaultLoginPageGeneratingFilter@6719c3bf, org.springframework.security.web.authentication.ui.DefaultLogoutPageGeneratingFilter@75ce2c0e, org.springframework.security.web.authentication.www.BasicAuthenticationFilter@4c459d0b, org.springframework.security.web.savedrequest.RequestCacheAwareFilter@167b3100, org.springframework.security.web.servletapi.SecurityContextHolderAwareRequestFilter@661c2e6b, org.springframework.security.web.authentication.AnonymousAuthenticationFilter@15834a79, org.springframework.security.web.access.ExceptionTranslationFilter@4746fa2e, org.springframework.security.web.access.intercept.AuthorizationFilter@1974e9e9]
2024-06-07 09:47:43,859 INFO org.springframework.boot.devtools.autoconfigure.OptionalLiveReloadServer [restartedMain] LiveReload server is running on port 35729
2024-06-07 09:47:43,878 INFO org.springframework.boot.web.embedded.tomcat.TomcatWebServer [restartedMain] Tomcat started on port(s): 8080 (http) with context path ''
2024-06-07 09:47:43,882 INFO com.example.demo61_account_thymeleaf.Demo61AccountThymeleafApplication [restartedMain] Started Demo61AccountThymeleafApplication in 1.001 seconds (process running for 199.215)
2024-06-07 09:47:43,884 INFO org.springframework.boot.devtools.autoconfigure.ConditionEvaluationDeltaLoggingListener [restartedMain] Condition evaluation unchanged
